<?xml version="1.0" encoding="UTF-8"?>
<testng-results ignored="0" total="1" passed="1" failed="0" skipped="0">
  <reporter-output>
  </reporter-output>
  <suite started-at="2024-05-25T12:00:58 IST" name="Suite" finished-at="2024-05-25T12:01:20 IST" duration-ms="21867">
    <groups>
    </groups>
    <test started-at="2024-05-25T12:00:58 IST" name="Test" finished-at="2024-05-25T12:01:20 IST" duration-ms="21867">
      <class name="com.codestudio.tests.SearchTest">
        <test-method is-config="true" signature="setup()[pri:0, instance:com.codestudio.tests.SearchTest@51c668e3]" started-at="2024-05-25T12:00:58 IST" name="setup" finished-at="2024-05-25T12:01:12 IST" duration-ms="13162" status="PASS">
          <reporter-output>
          </reporter-output>
        </test-method> <!-- setup -->
        <test-method signature="test1()[pri:0, instance:com.codestudio.tests.SearchTest@51c668e3]" started-at="2024-05-25T12:01:12 IST" name="test1" finished-at="2024-05-25T12:01:20 IST" duration-ms="8081" status="PASS">
          <reporter-output>
          </reporter-output>
        </test-method> <!-- test1 -->
        <test-method is-config="true" signature="teardown()[pri:0, instance:com.codestudio.tests.SearchTest@51c668e3]" started-at="2024-05-25T12:01:20 IST" name="teardown" finished-at="2024-05-25T12:01:20 IST" duration-ms="553" status="PASS">
          <reporter-output>
          </reporter-output>
        </test-method> <!-- teardown -->
      </class> <!-- com.codestudio.tests.SearchTest -->
    </test> <!-- Test -->
  </suite> <!-- Suite -->
</testng-results>
