<?xml version="1.0" encoding="UTF-8"?>
<testng-results ignored="0" total="1" passed="1" failed="0" skipped="0">
  <reporter-output>
  </reporter-output>
  <suite started-at="2024-05-25T13:05:28 IST" name="Default suite" finished-at="2024-05-25T13:05:49 IST" duration-ms="21002">
    <groups>
    </groups>
    <test started-at="2024-05-25T13:05:28 IST" name="Default test" finished-at="2024-05-25T13:05:49 IST" duration-ms="21002">
      <class name="com.codestudio.tests.SearchTest">
        <test-method is-config="true" signature="setupReport()[pri:0, instance:com.codestudio.tests.SearchTest@7bba5817]" started-at="2024-05-25T13:05:28 IST" name="setupReport" finished-at="2024-05-25T13:05:28 IST" duration-ms="476" status="PASS">
          <reporter-output>
          </reporter-output>
        </test-method> <!-- setupReport -->
        <test-method is-config="true" signature="setup()[pri:0, instance:com.codestudio.tests.SearchTest@7bba5817]" started-at="2024-05-25T13:05:28 IST" name="setup" finished-at="2024-05-25T13:05:41 IST" duration-ms="13321" status="PASS">
          <reporter-output>
          </reporter-output>
        </test-method> <!-- setup -->
        <test-method signature="test1()[pri:0, instance:com.codestudio.tests.SearchTest@7bba5817]" started-at="2024-05-25T13:05:41 IST" name="test1" finished-at="2024-05-25T13:05:49 IST" duration-ms="7132" status="PASS">
          <reporter-output>
          </reporter-output>
        </test-method> <!-- test1 -->
        <test-method is-config="true" signature="teardown()[pri:0, instance:com.codestudio.tests.SearchTest@7bba5817]" started-at="2024-05-25T13:05:49 IST" name="teardown" finished-at="2024-05-25T13:05:49 IST" duration-ms="472" status="PASS">
          <reporter-output>
          </reporter-output>
        </test-method> <!-- teardown -->
        <test-method is-config="true" signature="teardownReport()[pri:0, instance:com.codestudio.tests.SearchTest@7bba5817]" started-at="2024-05-25T13:05:49 IST" name="teardownReport" finished-at="2024-05-25T13:05:50 IST" duration-ms="506" status="PASS">
          <reporter-output>
          </reporter-output>
        </test-method> <!-- teardownReport -->
      </class> <!-- com.codestudio.tests.SearchTest -->
    </test> <!-- Default test -->
  </suite> <!-- Default suite -->
</testng-results>
